Analysis & Synthesis report for pingchirp
Fri Oct 25 14:07:04 2019
Quartus Prime Version 18.1.0 Build 625 09/12/2018 SJ Lite Edition


---------------------
; Table of Contents ;
---------------------
  1. Legal Notice
  2. Analysis & Synthesis Summary
  3. Analysis & Synthesis Settings
  4. Parallel Compilation
  5. Analysis & Synthesis Source Files Read
  6. Analysis & Synthesis Resource Usage Summary
  7. Analysis & Synthesis Resource Utilization by Entity
  8. User-Specified and Inferred Latches
  9. General Register Statistics
 10. Parameter Settings for User Entity Instance: fsmd:fsmd_unit
 11. Port Connectivity Checks: "fsmd:fsmd_unit"
 12. Post-Synthesis Netlist Statistics for Top Partition
 13. Elapsed Time Per Partition
 14. Analysis & Synthesis Messages



----------------
; Legal Notice ;
----------------
Copyright (C) 2018  Intel Corporation. All rights reserved.
Your use of Intel Corporation's design tools, logic functions 
and other software and tools, and its AMPP partner logic 
functions, and any output files from any of the foregoing 
(including device programming or simulation files), and any 
associated documentation or information are expressly subject 
to the terms and conditions of the Intel Program License 
Subscription Agreement, the Intel Quartus Prime License Agreement,
the Intel FPGA IP License Agreement, or other applicable license
agreement, including, without limitation, that your use is for
the sole purpose of programming logic devices manufactured by
Intel and sold by Intel or its authorized distributors.  Please
refer to the applicable agreement for further details.



+----------------------------------------------------------------------------------+
; Analysis & Synthesis Summary                                                     ;
+------------------------------------+---------------------------------------------+
; Analysis & Synthesis Status        ; Successful - Fri Oct 25 14:07:04 2019       ;
; Quartus Prime Version              ; 18.1.0 Build 625 09/12/2018 SJ Lite Edition ;
; Revision Name                      ; pingchirp                                   ;
; Top-level Entity Name              ; fsdm_top                                    ;
; Family                             ; MAX 10                                      ;
; Total logic elements               ; 67                                          ;
;     Total combinational functions  ; 67                                          ;
;     Dedicated logic registers      ; 29                                          ;
; Total registers                    ; 29                                          ;
; Total pins                         ; 3                                           ;
; Total virtual pins                 ; 0                                           ;
; Total memory bits                  ; 0                                           ;
; Embedded Multiplier 9-bit elements ; 0                                           ;
; Total PLLs                         ; 0                                           ;
; UFM blocks                         ; 0                                           ;
; ADC blocks                         ; 0                                           ;
+------------------------------------+---------------------------------------------+


+------------------------------------------------------------------------------------------------------------+
; Analysis & Synthesis Settings                                                                              ;
+------------------------------------------------------------------+--------------------+--------------------+
; Option                                                           ; Setting            ; Default Value      ;
+------------------------------------------------------------------+--------------------+--------------------+
; Device                                                           ; 10M50DAF484C7G     ;                    ;
; Top-level entity name                                            ; fsdm_top           ; pingchirp          ;
; Family name                                                      ; MAX 10             ; Cyclone V          ;
; Use smart compilation                                            ; Off                ; Off                ;
; Enable parallel Assembler and Timing Analyzer during compilation ; On                 ; On                 ;
; Enable compact report table                                      ; Off                ; Off                ;
; Restructure Multiplexers                                         ; Auto               ; Auto               ;
; Create Debugging Nodes for IP Cores                              ; Off                ; Off                ;
; Preserve fewer node names                                        ; On                 ; On                 ;
; Intel FPGA IP Evaluation Mode                                    ; Enable             ; Enable             ;
; Verilog Version                                                  ; Verilog_2001       ; Verilog_2001       ;
; VHDL Version                                                     ; VHDL_1993          ; VHDL_1993          ;
; State Machine Processing                                         ; Auto               ; Auto               ;
; Safe State Machine                                               ; Off                ; Off                ;
; Extract Verilog State Machines                                   ; On                 ; On                 ;
; Extract VHDL State Machines                                      ; On                 ; On                 ;
; Ignore Verilog initial constructs                                ; Off                ; Off                ;
; Iteration limit for constant Verilog loops                       ; 5000               ; 5000               ;
; Iteration limit for non-constant Verilog loops                   ; 250                ; 250                ;
; Add Pass-Through Logic to Inferred RAMs                          ; On                 ; On                 ;
; Infer RAMs from Raw Logic                                        ; On                 ; On                 ;
; Parallel Synthesis                                               ; On                 ; On                 ;
; DSP Block Balancing                                              ; Auto               ; Auto               ;
; NOT Gate Push-Back                                               ; On                 ; On                 ;
; Power-Up Don't Care                                              ; On                 ; On                 ;
; Remove Redundant Logic Cells                                     ; Off                ; Off                ;
; Remove Duplicate Registers                                       ; On                 ; On                 ;
; Ignore CARRY Buffers                                             ; Off                ; Off                ;
; Ignore CASCADE Buffers                                           ; Off                ; Off                ;
; Ignore GLOBAL Buffers                                            ; Off                ; Off                ;
; Ignore ROW GLOBAL Buffers                                        ; Off                ; Off                ;
; Ignore LCELL Buffers                                             ; Off                ; Off                ;
; Ignore SOFT Buffers                                              ; On                 ; On                 ;
; Limit AHDL Integers to 32 Bits                                   ; Off                ; Off                ;
; Optimization Technique                                           ; Balanced           ; Balanced           ;
; Carry Chain Length                                               ; 70                 ; 70                 ;
; Auto Carry Chains                                                ; On                 ; On                 ;
; Auto Open-Drain Pins                                             ; On                 ; On                 ;
; Perform WYSIWYG Primitive Resynthesis                            ; Off                ; Off                ;
; Auto ROM Replacement                                             ; On                 ; On                 ;
; Auto RAM Replacement                                             ; On                 ; On                 ;
; Auto DSP Block Replacement                                       ; On                 ; On                 ;
; Auto Shift Register Replacement                                  ; Auto               ; Auto               ;
; Allow Shift Register Merging across Hierarchies                  ; Auto               ; Auto               ;
; Auto Clock Enable Replacement                                    ; On                 ; On                 ;
; Strict RAM Replacement                                           ; Off                ; Off                ;
; Allow Synchronous Control Signals                                ; On                 ; On                 ;
; Force Use of Synchronous Clear Signals                           ; Off                ; Off                ;
; Auto RAM Block Balancing                                         ; On                 ; On                 ;
; Auto RAM to Logic Cell Conversion                                ; Off                ; Off                ;
; Auto Resource Sharing                                            ; Off                ; Off                ;
; Allow Any RAM Size For Recognition                               ; Off                ; Off                ;
; Allow Any ROM Size For Recognition                               ; Off                ; Off                ;
; Allow Any Shift Register Size For Recognition                    ; Off                ; Off                ;
; Use LogicLock Constraints during Resource Balancing              ; On                 ; On                 ;
; Ignore translate_off and synthesis_off directives                ; Off                ; Off                ;
; Timing-Driven Synthesis                                          ; On                 ; On                 ;
; Report Parameter Settings                                        ; On                 ; On                 ;
; Report Source Assignments                                        ; On                 ; On                 ;
; Report Connectivity Checks                                       ; On                 ; On                 ;
; Ignore Maximum Fan-Out Assignments                               ; Off                ; Off                ;
; Synchronization Register Chain Length                            ; 2                  ; 2                  ;
; Power Optimization During Synthesis                              ; Normal compilation ; Normal compilation ;
; HDL message level                                                ; Level2             ; Level2             ;
; Suppress Register Optimization Related Messages                  ; Off                ; Off                ;
; Number of Removed Registers Reported in Synthesis Report         ; 5000               ; 5000               ;
; Number of Swept Nodes Reported in Synthesis Report               ; 5000               ; 5000               ;
; Number of Inverted Registers Reported in Synthesis Report        ; 100                ; 100                ;
; Clock MUX Protection                                             ; On                 ; On                 ;
; Auto Gated Clock Conversion                                      ; Off                ; Off                ;
; Block Design Naming                                              ; Auto               ; Auto               ;
; SDC constraint protection                                        ; Off                ; Off                ;
; Synthesis Effort                                                 ; Auto               ; Auto               ;
; Shift Register Replacement - Allow Asynchronous Clear Signal     ; On                 ; On                 ;
; Pre-Mapping Resynthesis Optimization                             ; Off                ; Off                ;
; Analysis & Synthesis Message Level                               ; Medium             ; Medium             ;
; Disable Register Merging Across Hierarchies                      ; Auto               ; Auto               ;
; Resource Aware Inference For Block RAM                           ; On                 ; On                 ;
+------------------------------------------------------------------+--------------------+--------------------+


+------------------------------------------+
; Parallel Compilation                     ;
+----------------------------+-------------+
; Processors                 ; Number      ;
+----------------------------+-------------+
; Number detected on machine ; 4           ;
; Maximum allowed            ; 4           ;
;                            ;             ;
; Average used               ; 1.00        ;
; Maximum used               ; 4           ;
;                            ;             ;
; Usage by Processor         ; % Time Used ;
;     Processor 1            ; 100.0%      ;
;     Processor 2            ;   0.0%      ;
;     Processors 3-4         ;   0.0%      ;
+----------------------------+-------------+


+--------------------------------------------------------------------------------------------------------------------------------+
; Analysis & Synthesis Source Files Read                                                                                         ;
+----------------------------------+-----------------+-----------------+-----------------------------------------------+---------+
; File Name with User-Entered Path ; Used in Netlist ; File Type       ; File Name with Absolute Path                  ; Library ;
+----------------------------------+-----------------+-----------------+-----------------------------------------------+---------+
; fsmd.vhd                         ; yes             ; User VHDL File  ; C:/intelFPGA_lite/18.1/pingchirp/fsmd.vhd     ;         ;
; fsmd_top.vhd                     ; yes             ; User VHDL File  ; C:/intelFPGA_lite/18.1/pingchirp/fsmd_top.vhd ;         ;
+----------------------------------+-----------------+-----------------+-----------------------------------------------+---------+


+---------------------------------------------------------+
; Analysis & Synthesis Resource Usage Summary             ;
+---------------------------------------------+-----------+
; Resource                                    ; Usage     ;
+---------------------------------------------+-----------+
; Estimated Total logic elements              ; 67        ;
;                                             ;           ;
; Total combinational functions               ; 67        ;
; Logic element usage by number of LUT inputs ;           ;
;     -- 4 input functions                    ; 9         ;
;     -- 3 input functions                    ; 31        ;
;     -- <=2 input functions                  ; 27        ;
;                                             ;           ;
; Logic elements by mode                      ;           ;
;     -- normal mode                          ; 41        ;
;     -- arithmetic mode                      ; 26        ;
;                                             ;           ;
; Total registers                             ; 29        ;
;     -- Dedicated logic registers            ; 29        ;
;     -- I/O registers                        ; 0         ;
;                                             ;           ;
; I/O pins                                    ; 3         ;
;                                             ;           ;
; Embedded Multiplier 9-bit elements          ; 0         ;
;                                             ;           ;
; Maximum fan-out node                        ; clk~input ;
; Maximum fan-out                             ; 29        ;
; Total fan-out                               ; 244       ;
; Average fan-out                             ; 2.39      ;
+---------------------------------------------+-----------+


+-----------------------------------------------------------------------------------------------------------------------------------------------------------------------------------------------------------------------------------------+
; Analysis & Synthesis Resource Utilization by Entity                                                                                                                                                                                     ;
+----------------------------+---------------------+---------------------------+-------------+------------+--------------+---------+-----------+------+--------------+------------+--------------------------+-------------+--------------+
; Compilation Hierarchy Node ; Combinational ALUTs ; Dedicated Logic Registers ; Memory Bits ; UFM Blocks ; DSP Elements ; DSP 9x9 ; DSP 18x18 ; Pins ; Virtual Pins ; ADC blocks ; Full Hierarchy Name      ; Entity Name ; Library Name ;
+----------------------------+---------------------+---------------------------+-------------+------------+--------------+---------+-----------+------+--------------+------------+--------------------------+-------------+--------------+
; |fsdm_top                  ; 67 (0)              ; 29 (0)                    ; 0           ; 0          ; 0            ; 0       ; 0         ; 3    ; 0            ; 0          ; |fsdm_top                ; fsdm_top    ; work         ;
;    |fsmd:fsmd_unit|        ; 67 (67)             ; 29 (29)                   ; 0           ; 0          ; 0            ; 0       ; 0         ; 0    ; 0            ; 0          ; |fsdm_top|fsmd:fsmd_unit ; fsmd        ; work         ;
+----------------------------+---------------------+---------------------------+-------------+------------+--------------+---------+-----------+------+--------------+------------+--------------------------+-------------+--------------+
Note: For table entries with two numbers listed, the numbers in parentheses indicate the number of resources of the given type used by the specific entity alone. The numbers listed outside of parentheses indicate the total resources of the given type used by the specific entity and all of its sub-entities in the hierarchy.


+-------------------------------------------------------------------------------------------------------------+
; User-Specified and Inferred Latches                                                                         ;
+-----------------------------------------------------+------------------------------+------------------------+
; Latch Name                                          ; Latch Enable Signal          ; Free of Timing Hazards ;
+-----------------------------------------------------+------------------------------+------------------------+
; fsmd:fsmd_unit|state_next                           ; fsmd:fsmd_unit|state_next    ; yes                    ;
; fsmd:fsmd_unit|count_next[0]                        ; fsmd:fsmd_unit|count_next[2] ; yes                    ;
; fsmd:fsmd_unit|count_next[1]                        ; fsmd:fsmd_unit|count_next[2] ; yes                    ;
; fsmd:fsmd_unit|count_next[2]                        ; fsmd:fsmd_unit|count_next[2] ; yes                    ;
; fsmd:fsmd_unit|count_next[3]                        ; fsmd:fsmd_unit|count_next[2] ; yes                    ;
; fsmd:fsmd_unit|count_next[4]                        ; fsmd:fsmd_unit|count_next[2] ; yes                    ;
; fsmd:fsmd_unit|count_next[5]                        ; fsmd:fsmd_unit|count_next[2] ; yes                    ;
; fsmd:fsmd_unit|count_next[6]                        ; fsmd:fsmd_unit|count_next[2] ; yes                    ;
; fsmd:fsmd_unit|count_next[7]                        ; fsmd:fsmd_unit|count_next[2] ; yes                    ;
; fsmd:fsmd_unit|count_next[8]                        ; fsmd:fsmd_unit|count_next[2] ; yes                    ;
; fsmd:fsmd_unit|count_next[9]                        ; fsmd:fsmd_unit|count_next[2] ; yes                    ;
; fsmd:fsmd_unit|count_next[10]                       ; fsmd:fsmd_unit|count_next[2] ; yes                    ;
; fsmd:fsmd_unit|count_next[11]                       ; fsmd:fsmd_unit|count_next[2] ; yes                    ;
; fsmd:fsmd_unit|count_next[12]                       ; fsmd:fsmd_unit|count_next[2] ; yes                    ;
; fsmd:fsmd_unit|count_next[13]                       ; fsmd:fsmd_unit|count_next[2] ; yes                    ;
; fsmd:fsmd_unit|count_next[14]                       ; fsmd:fsmd_unit|count_next[2] ; yes                    ;
; fsmd:fsmd_unit|count_next[15]                       ; fsmd:fsmd_unit|count_next[2] ; yes                    ;
; fsmd:fsmd_unit|count_next[16]                       ; fsmd:fsmd_unit|count_next[2] ; yes                    ;
; fsmd:fsmd_unit|count_next[17]                       ; fsmd:fsmd_unit|count_next[2] ; yes                    ;
; fsmd:fsmd_unit|count_next[18]                       ; fsmd:fsmd_unit|count_next[2] ; yes                    ;
; fsmd:fsmd_unit|count_next[19]                       ; fsmd:fsmd_unit|count_next[2] ; yes                    ;
; fsmd:fsmd_unit|count_next[20]                       ; fsmd:fsmd_unit|count_next[2] ; yes                    ;
; fsmd:fsmd_unit|count_next[21]                       ; fsmd:fsmd_unit|count_next[2] ; yes                    ;
; fsmd:fsmd_unit|count_next[22]                       ; fsmd:fsmd_unit|count_next[2] ; yes                    ;
; fsmd:fsmd_unit|count_next[23]                       ; fsmd:fsmd_unit|count_next[2] ; yes                    ;
; fsmd:fsmd_unit|count_next[24]                       ; fsmd:fsmd_unit|count_next[2] ; yes                    ;
; fsmd:fsmd_unit|count_next[25]                       ; fsmd:fsmd_unit|count_next[2] ; yes                    ;
; fsmd:fsmd_unit|count_next[26]                       ; fsmd:fsmd_unit|count_next[2] ; yes                    ;
; fsmd:fsmd_unit|count_next[27]                       ; fsmd:fsmd_unit|count_next[2] ; yes                    ;
; Number of user-specified and inferred latches = 29  ;                              ;                        ;
+-----------------------------------------------------+------------------------------+------------------------+
Note: All latches listed above may not be present at the end of synthesis due to various synthesis optimizations.


+------------------------------------------------------+
; General Register Statistics                          ;
+----------------------------------------------+-------+
; Statistic                                    ; Value ;
+----------------------------------------------+-------+
; Total registers                              ; 29    ;
; Number of registers using Synchronous Clear  ; 0     ;
; Number of registers using Synchronous Load   ; 0     ;
; Number of registers using Asynchronous Clear ; 0     ;
; Number of registers using Asynchronous Load  ; 0     ;
; Number of registers using Clock Enable       ; 0     ;
; Number of registers using Preset             ; 0     ;
+----------------------------------------------+-------+


+-------------------------------------------------------------+
; Parameter Settings for User Entity Instance: fsmd:fsmd_unit ;
+----------------+-------+------------------------------------+
; Parameter Name ; Value ; Type                               ;
+----------------+-------+------------------------------------+
; n              ; 28    ; Signed Integer                     ;
+----------------+-------+------------------------------------+
Note: In order to hide this table in the UI and the text report file, please set the "Show Parameter Settings in Synthesis Report" option in "Analysis and Synthesis Settings -> More Settings" to "Off".


+------------------------------------------------+
; Port Connectivity Checks: "fsmd:fsmd_unit"     ;
+--------------+-------+----------+--------------+
; Port         ; Type  ; Severity ; Details      ;
+--------------+-------+----------+--------------+
; dvsr[22..21] ; Input ; Info     ; Stuck at VCC ;
; dvsr[17..14] ; Input ; Info     ; Stuck at VCC ;
; dvsr[27..23] ; Input ; Info     ; Stuck at GND ;
; dvsr[13..10] ; Input ; Info     ; Stuck at GND ;
; dvsr[8..0]   ; Input ; Info     ; Stuck at GND ;
; dvsr[20]     ; Input ; Info     ; Stuck at GND ;
; dvsr[19]     ; Input ; Info     ; Stuck at VCC ;
; dvsr[18]     ; Input ; Info     ; Stuck at GND ;
; dvsr[9]      ; Input ; Info     ; Stuck at VCC ;
+--------------+-------+----------+--------------+


+-----------------------------------------------------+
; Post-Synthesis Netlist Statistics for Top Partition ;
+-----------------------+-----------------------------+
; Type                  ; Count                       ;
+-----------------------+-----------------------------+
; boundary_port         ; 3                           ;
; cycloneiii_ff         ; 29                          ;
;     plain             ; 29                          ;
; cycloneiii_lcell_comb ; 67                          ;
;     arith             ; 26                          ;
;         2 data inputs ; 25                          ;
;         3 data inputs ; 1                           ;
;     normal            ; 41                          ;
;         1 data inputs ; 1                           ;
;         2 data inputs ; 1                           ;
;         3 data inputs ; 30                          ;
;         4 data inputs ; 9                           ;
;                       ;                             ;
; Max LUT depth         ; 5.00                        ;
; Average LUT depth     ; 3.70                        ;
+-----------------------+-----------------------------+


+-------------------------------+
; Elapsed Time Per Partition    ;
+----------------+--------------+
; Partition Name ; Elapsed Time ;
+----------------+--------------+
; Top            ; 00:00:00     ;
+----------------+--------------+


+-------------------------------+
; Analysis & Synthesis Messages ;
+-------------------------------+
Info: *******************************************************************
Info: Running Quartus Prime Analysis & Synthesis
    Info: Version 18.1.0 Build 625 09/12/2018 SJ Lite Edition
    Info: Processing started: Fri Oct 25 14:06:48 2019
Info: Command: quartus_map --read_settings_files=on --write_settings_files=off pingchirp -c pingchirp
Warning (18236): Number of processors has not been specified which may cause overloading on shared machines.  Set the global assignment NUM_PARALLEL_PROCESSORS in your QSF to an appropriate value for best performance.
Info (20030): Parallel compilation is enabled and will use 4 of the 4 processors detected
Info (12021): Found 2 design units, including 1 entities, in source file fsmd.vhd
    Info (12022): Found design unit 1: fsmd-arch File: C:/intelFPGA_lite/18.1/pingchirp/fsmd.vhd Line: 15
    Info (12023): Found entity 1: fsmd File: C:/intelFPGA_lite/18.1/pingchirp/fsmd.vhd Line: 5
Info (12021): Found 2 design units, including 1 entities, in source file fsmd_top.vhd
    Info (12022): Found design unit 1: fsdm_top-arch File: C:/intelFPGA_lite/18.1/pingchirp/fsmd_top.vhd Line: 13
    Info (12023): Found entity 1: fsdm_top File: C:/intelFPGA_lite/18.1/pingchirp/fsmd_top.vhd Line: 5
Info (12127): Elaborating entity "fsdm_top" for the top level hierarchy
Info (12128): Elaborating entity "fsmd" for hierarchy "fsmd:fsmd_unit" File: C:/intelFPGA_lite/18.1/pingchirp/fsmd_top.vhd Line: 16
Warning (10492): VHDL Process Statement warning at fsmd.vhd(40): signal "count_reg" is read inside the Process Statement but isn't in the Process Statement's sensitivity list File: C:/intelFPGA_lite/18.1/pingchirp/fsmd.vhd Line: 40
Warning (10492): VHDL Process Statement warning at fsmd.vhd(40): signal "dvsr" is read inside the Process Statement but isn't in the Process Statement's sensitivity list File: C:/intelFPGA_lite/18.1/pingchirp/fsmd.vhd Line: 40
Warning (10492): VHDL Process Statement warning at fsmd.vhd(44): signal "count_reg" is read inside the Process Statement but isn't in the Process Statement's sensitivity list File: C:/intelFPGA_lite/18.1/pingchirp/fsmd.vhd Line: 44
Warning (10631): VHDL Process Statement warning at fsmd.vhd(30): inferring latch(es) for signal or variable "state_next", which holds its previous value in one or more paths through the process File: C:/intelFPGA_lite/18.1/pingchirp/fsmd.vhd Line: 30
Warning (10631): VHDL Process Statement warning at fsmd.vhd(30): inferring latch(es) for signal or variable "count_next", which holds its previous value in one or more paths through the process File: C:/intelFPGA_lite/18.1/pingchirp/fsmd.vhd Line: 30
Info (10041): Inferred latch for "count_next[0]" at fsmd.vhd(30) File: C:/intelFPGA_lite/18.1/pingchirp/fsmd.vhd Line: 30
Info (10041): Inferred latch for "count_next[1]" at fsmd.vhd(30) File: C:/intelFPGA_lite/18.1/pingchirp/fsmd.vhd Line: 30
Info (10041): Inferred latch for "count_next[2]" at fsmd.vhd(30) File: C:/intelFPGA_lite/18.1/pingchirp/fsmd.vhd Line: 30
Info (10041): Inferred latch for "count_next[3]" at fsmd.vhd(30) File: C:/intelFPGA_lite/18.1/pingchirp/fsmd.vhd Line: 30
Info (10041): Inferred latch for "count_next[4]" at fsmd.vhd(30) File: C:/intelFPGA_lite/18.1/pingchirp/fsmd.vhd Line: 30
Info (10041): Inferred latch for "count_next[5]" at fsmd.vhd(30) File: C:/intelFPGA_lite/18.1/pingchirp/fsmd.vhd Line: 30
Info (10041): Inferred latch for "count_next[6]" at fsmd.vhd(30) File: C:/intelFPGA_lite/18.1/pingchirp/fsmd.vhd Line: 30
Info (10041): Inferred latch for "count_next[7]" at fsmd.vhd(30) File: C:/intelFPGA_lite/18.1/pingchirp/fsmd.vhd Line: 30
Info (10041): Inferred latch for "count_next[8]" at fsmd.vhd(30) File: C:/intelFPGA_lite/18.1/pingchirp/fsmd.vhd Line: 30
Info (10041): Inferred latch for "count_next[9]" at fsmd.vhd(30) File: C:/intelFPGA_lite/18.1/pingchirp/fsmd.vhd Line: 30
Info (10041): Inferred latch for "count_next[10]" at fsmd.vhd(30) File: C:/intelFPGA_lite/18.1/pingchirp/fsmd.vhd Line: 30
Info (10041): Inferred latch for "count_next[11]" at fsmd.vhd(30) File: C:/intelFPGA_lite/18.1/pingchirp/fsmd.vhd Line: 30
Info (10041): Inferred latch for "count_next[12]" at fsmd.vhd(30) File: C:/intelFPGA_lite/18.1/pingchirp/fsmd.vhd Line: 30
Info (10041): Inferred latch for "count_next[13]" at fsmd.vhd(30) File: C:/intelFPGA_lite/18.1/pingchirp/fsmd.vhd Line: 30
Info (10041): Inferred latch for "count_next[14]" at fsmd.vhd(30) File: C:/intelFPGA_lite/18.1/pingchirp/fsmd.vhd Line: 30
Info (10041): Inferred latch for "count_next[15]" at fsmd.vhd(30) File: C:/intelFPGA_lite/18.1/pingchirp/fsmd.vhd Line: 30
Info (10041): Inferred latch for "count_next[16]" at fsmd.vhd(30) File: C:/intelFPGA_lite/18.1/pingchirp/fsmd.vhd Line: 30
Info (10041): Inferred latch for "count_next[17]" at fsmd.vhd(30) File: C:/intelFPGA_lite/18.1/pingchirp/fsmd.vhd Line: 30
Info (10041): Inferred latch for "count_next[18]" at fsmd.vhd(30) File: C:/intelFPGA_lite/18.1/pingchirp/fsmd.vhd Line: 30
Info (10041): Inferred latch for "count_next[19]" at fsmd.vhd(30) File: C:/intelFPGA_lite/18.1/pingchirp/fsmd.vhd Line: 30
Info (10041): Inferred latch for "count_next[20]" at fsmd.vhd(30) File: C:/intelFPGA_lite/18.1/pingchirp/fsmd.vhd Line: 30
Info (10041): Inferred latch for "count_next[21]" at fsmd.vhd(30) File: C:/intelFPGA_lite/18.1/pingchirp/fsmd.vhd Line: 30
Info (10041): Inferred latch for "count_next[22]" at fsmd.vhd(30) File: C:/intelFPGA_lite/18.1/pingchirp/fsmd.vhd Line: 30
Info (10041): Inferred latch for "count_next[23]" at fsmd.vhd(30) File: C:/intelFPGA_lite/18.1/pingchirp/fsmd.vhd Line: 30
Info (10041): Inferred latch for "count_next[24]" at fsmd.vhd(30) File: C:/intelFPGA_lite/18.1/pingchirp/fsmd.vhd Line: 30
Info (10041): Inferred latch for "count_next[25]" at fsmd.vhd(30) File: C:/intelFPGA_lite/18.1/pingchirp/fsmd.vhd Line: 30
Info (10041): Inferred latch for "count_next[26]" at fsmd.vhd(30) File: C:/intelFPGA_lite/18.1/pingchirp/fsmd.vhd Line: 30
Info (10041): Inferred latch for "count_next[27]" at fsmd.vhd(30) File: C:/intelFPGA_lite/18.1/pingchirp/fsmd.vhd Line: 30
Info (10041): Inferred latch for "state_next" at fsmd.vhd(30) File: C:/intelFPGA_lite/18.1/pingchirp/fsmd.vhd Line: 30
Warning (13012): Latch fsmd:fsmd_unit|state_next has unsafe behavior File: C:/intelFPGA_lite/18.1/pingchirp/fsmd.vhd Line: 17
    Warning (13013): Ports D and ENA on the latch are fed by the same signal fsmd:fsmd_unit|state_reg File: C:/intelFPGA_lite/18.1/pingchirp/fsmd.vhd Line: 23
Warning (13012): Latch fsmd:fsmd_unit|count_next[0] has unsafe behavior File: C:/intelFPGA_lite/18.1/pingchirp/fsmd.vhd Line: 30
    Warning (13013): Ports D and ENA on the latch are fed by the same signal fsmd:fsmd_unit|count_reg[0] File: C:/intelFPGA_lite/18.1/pingchirp/fsmd.vhd Line: 23
Info (286030): Timing-Driven Synthesis is running
Info (16010): Generating hard_block partition "hard_block:auto_generated_inst"
    Info (16011): Adding 0 node(s), including 0 DDIO, 0 PLL, 0 transceiver and 0 LCELL
Info (21057): Implemented 99 device resources after synthesis - the final resource count might be different
    Info (21058): Implemented 2 input pins
    Info (21059): Implemented 1 output pins
    Info (21061): Implemented 96 logic cells
Info: Quartus Prime Analysis & Synthesis was successful. 0 errors, 10 warnings
    Info: Peak virtual memory: 4795 megabytes
    Info: Processing ended: Fri Oct 25 14:07:04 2019
    Info: Elapsed time: 00:00:16
    Info: Total CPU time (on all processors): 00:00:29


